This file contains any messages produced by compilers while
running configure, to aid debugging if configure makes a mistake.

It was created by MPFR configure 3.1.3, which was
generated by GNU Autoconf 2.69.  Invocation command line was

  $ ./configure 

## --------- ##
## Platform. ##
## --------- ##

hostname = Sudheeshs-MacBook-Pro.local
uname -m = x86_64
uname -r = 14.0.0
uname -s = Darwin
uname -v = Darwin Kernel Version 14.0.0: Fri Sep 19 00:26:44 PDT 2014; root:xnu-2782.1.97~2/RELEASE_X86_64

/usr/bin/uname -p = i386
/bin/uname -X     = unknown

/bin/arch              = unknown
/usr/bin/arch -k       = unknown
/usr/convex/getsysinfo = unknown
/usr/bin/hostinfo      = Mach kernel version:
	 Darwin Kernel Version 14.0.0: Fri Sep 19 00:26:44 PDT 2014; root:xnu-2782.1.97~2/RELEASE_X86_64
Kernel configured for up to 8 processors.
4 processors are physically available.
8 processors are logically available.
Processor type: i486 (Intel 80486)
Processors active: 0 1 2 3 4 5 6 7
Primary memory available: 16.00 gigabytes
Default processor set: 205 tasks, 1078 threads, 8 processors
Load average: 2.95, Mach factor: 5.40
/bin/machine           = unknown
/usr/bin/oslevel       = unknown
/bin/universe          = unknown

PATH: /usr/local/bin
PATH: /usr/bin
PATH: /bin
PATH: /usr/sbin
PATH: /sbin
PATH: /opt/X11/bin
PATH: /usr/local/git/bin
PATH: /Applications/Postgres.app/Contents/Versions/9.4/bin


## ----------- ##
## Core tests. ##
## ----------- ##

configure:2633: checking for a BSD-compatible install
configure:2701: result: /usr/bin/install -c
configure:2712: checking whether build environment is sane
configure:2767: result: yes
configure:2918: checking for a thread-safe mkdir -p
configure:2957: result: ./install-sh -c -d
configure:2964: checking for gawk
configure:2994: result: no
configure:2964: checking for mawk
configure:2994: result: no
configure:2964: checking for nawk
configure:2994: result: no
configure:2964: checking for awk
configure:2980: found /usr/bin/awk
configure:2991: result: awk
configure:3002: checking whether make sets $(MAKE)
configure:3024: result: yes
configure:3053: checking whether make supports nested variables
configure:3070: result: yes
configure:3188: checking whether to enable maintainer-specific portions of Makefiles
configure:3197: result: yes
configure:3225: checking build system type
configure:3239: result: x86_64-apple-darwin14.0.0
configure:3259: checking host system type
configure:3272: result: x86_64-apple-darwin14.0.0
configure:3293: checking for grep that handles long lines and -e
configure:3351: result: /usr/bin/grep
configure:3356: checking for egrep
configure:3418: result: /usr/bin/grep -E
configure:3423: checking for a sed that does not truncate output
configure:3487: result: /usr/bin/sed
configure:3730: checking for CC and CFLAGS in gmp.h
configure:3766: result: yes CC=gcc CFLAGS=-O2 -pedantic -fomit-frame-pointer -m64 -mtune=corei7 -march=corei7
configure:3772: checking for CC=gcc and CFLAGS=-O2 -pedantic -fomit-frame-pointer -m64 -mtune=corei7 -march=corei7
configure:3776: result: yes
configure:3838: checking for gcc
configure:3865: result: gcc
configure:4094: checking for C compiler version
configure:4103: gcc --version >&5
Apple LLVM version 6.1.0 (clang-602.0.53) (based on LLVM 3.6.0svn)
Target: x86_64-apple-darwin14.0.0
Thread model: posix
Configured with: --prefix=/Applications/Xcode.app/Contents/Developer/usr --with-gxx-include-dir=/usr/include/c++/4.2.1
configure:4114: $? = 0
configure:4103: gcc -v >&5
Configured with: --prefix=/Applications/Xcode.app/Contents/Developer/usr --with-gxx-include-dir=/usr/include/c++/4.2.1
Apple LLVM version 6.1.0 (clang-602.0.53) (based on LLVM 3.6.0svn)
Target: x86_64-apple-darwin14.0.0
Thread model: posix
configure:4114: $? = 0
configure:4103: gcc -V >&5
clang: error: argument to '-V' is missing (expected 1 value)
clang: error: no input files
configure:4114: $? = 1
configure:4103: gcc -qversion >&5
clang: error: unknown argument: '-qversion'
clang: error: no input files
configure:4114: $? = 1
configure:4134: checking whether the C compiler works
configure:4156: gcc -O2 -pedantic -fomit-frame-pointer -m64 -mtune=corei7 -march=corei7   conftest.c  >&5
configure:4160: $? = 0
configure:4208: result: yes
configure:4211: checking for C compiler default output file name
configure:4213: result: a.out
configure:4219: checking for suffix of executables
configure:4226: gcc -o conftest -O2 -pedantic -fomit-frame-pointer -m64 -mtune=corei7 -march=corei7   conftest.c  >&5
configure:4230: $? = 0
configure:4252: result: 
configure:4274: checking whether we are cross compiling
configure:4282: gcc -o conftest -O2 -pedantic -fomit-frame-pointer -m64 -mtune=corei7 -march=corei7   conftest.c  >&5
configure:4286: $? = 0
configure:4293: ./conftest
configure:4297: $? = 0
configure:4312: result: no
configure:4317: checking for suffix of object files
configure:4339: gcc -c -O2 -pedantic -fomit-frame-pointer -m64 -mtune=corei7 -march=corei7  conftest.c >&5
configure:4343: $? = 0
configure:4364: result: o
configure:4368: checking whether we are using the GNU C compiler
configure:4387: gcc -c -O2 -pedantic -fomit-frame-pointer -m64 -mtune=corei7 -march=corei7  conftest.c >&5
configure:4387: $? = 0
configure:4396: result: yes
configure:4405: checking whether gcc accepts -g
configure:4425: gcc -c -g  conftest.c >&5
configure:4425: $? = 0
configure:4466: result: yes
configure:4483: checking for gcc option to accept ISO C89
configure:4546: gcc  -c -O2 -pedantic -fomit-frame-pointer -m64 -mtune=corei7 -march=corei7  conftest.c >&5
configure:4546: $? = 0
configure:4559: result: none needed
configure:4584: checking whether gcc understands -c and -o together
configure:4606: gcc -c conftest.c -o conftest2.o
configure:4609: $? = 0
configure:4606: gcc -c conftest.c -o conftest2.o
configure:4609: $? = 0
configure:4621: result: yes
configure:4649: checking for style of include used by make
configure:4677: result: GNU
configure:4703: checking dependency style of gcc
configure:4814: result: gcc3
configure:4834: checking how to run the C preprocessor
configure:4865: gcc -E  conftest.c
configure:4865: $? = 0
configure:4879: gcc -E  conftest.c
conftest.c:9:10: fatal error: 'ac_nonexistent.h' file not found
#include <ac_nonexistent.h>
         ^
1 error generated.
configure:4879: $? = 1
configure: failed program was:
| /* confdefs.h */
| #define PACKAGE_NAME "MPFR"
| #define PACKAGE_TARNAME "mpfr"
| #define PACKAGE_VERSION "3.1.3"
| #define PACKAGE_STRING "MPFR 3.1.3"
| #define PACKAGE_BUGREPORT ""
| #define PACKAGE_URL ""
| /* end confdefs.h.  */
| #include <ac_nonexistent.h>
configure:4904: result: gcc -E
configure:4924: gcc -E  conftest.c
configure:4924: $? = 0
configure:4938: gcc -E  conftest.c
conftest.c:9:10: fatal error: 'ac_nonexistent.h' file not found
#include <ac_nonexistent.h>
         ^
1 error generated.
configure:4938: $? = 1
configure: failed program was:
| /* confdefs.h */
| #define PACKAGE_NAME "MPFR"
| #define PACKAGE_TARNAME "mpfr"
| #define PACKAGE_VERSION "3.1.3"
| #define PACKAGE_STRING "MPFR 3.1.3"
| #define PACKAGE_BUGREPORT ""
| #define PACKAGE_URL ""
| /* end confdefs.h.  */
| #include <ac_nonexistent.h>
configure:5023: checking for ar
configure:5039: found /usr/bin/ar
configure:5050: result: ar
configure:5076: checking the archiver (ar) interface
configure:5092: gcc -c -O2 -pedantic -fomit-frame-pointer -m64 -mtune=corei7 -march=corei7  conftest.c >&5
configure:5092: $? = 0
configure:5094: ar cru libconftest.a conftest.o >&5
configure:5097: $? = 0
configure:5125: result: ar
configure:5263: checking for ICC
configure:5281: gcc -c -O2 -pedantic -fomit-frame-pointer -m64 -mtune=corei7 -march=corei7  conftest.c >&5
conftest.c:11:3: error: "ICC Not Found"
# error "ICC Not Found"
  ^
conftest.c:12:1: error: unknown type name 'error'
error
^
conftest.c:15:1: error: expected identifier or '('
int
^
3 errors generated.
configure:5281: $? = 1
configure: failed program was:
| /* confdefs.h */
| #define PACKAGE_NAME "MPFR"
| #define PACKAGE_TARNAME "mpfr"
| #define PACKAGE_VERSION "3.1.3"
| #define PACKAGE_STRING "MPFR 3.1.3"
| #define PACKAGE_BUGREPORT ""
| #define PACKAGE_URL ""
| /* end confdefs.h.  */
| 
| #if !defined(__ICC)
| # error "ICC Not Found"
| error
| #endif
| 
| int
| main (void)
| {
| 
|   ;
|   return 0;
| }
configure:5288: result: no
configure:5295: checking whether the selected language is C++
configure:5313: gcc -c -Wpointer-arith -O2 -pedantic -fomit-frame-pointer -m64 -mtune=corei7 -march=corei7  conftest.c >&5
configure:5313: $? = 0
configure:5315: result: no
configure:5336: checking if the compiler understands -Wl,-search_paths_first
configure:5351: gcc -o conftest -Wall -Wmissing-prototypes -Wpointer-arith -O2 -pedantic -fomit-frame-pointer -m64 -mtune=corei7 -march=corei7  -Wl,-search_paths_first  conftest.c  >&5
configure:5351: $? = 0
configure:5352: result: yes
configure:5366: checking for an ANSI C-conforming const
configure:5432: gcc -c -Wall -Wmissing-prototypes -Wpointer-arith -O2 -pedantic -fomit-frame-pointer -m64 -mtune=corei7 -march=corei7  conftest.c >&5
configure:5432: $? = 0
configure:5439: result: yes
configure:5447: checking for working volatile
configure:5466: gcc -c -Wall -Wmissing-prototypes -Wpointer-arith -O2 -pedantic -fomit-frame-pointer -m64 -mtune=corei7 -march=corei7  conftest.c >&5
conftest.c:16:9: warning: variable 'x' is uninitialized when used here [-Wuninitialized]
return !x && !y;
        ^
conftest.c:14:15: note: initialize the variable 'x' to silence this warning
volatile int x;
              ^
               = 0
1 warning generated.
configure:5466: $? = 0
configure:5473: result: yes
configure:5639: checking for main in -lm
configure:5658: gcc -o conftest -Wall -Wmissing-prototypes -Wpointer-arith -O2 -pedantic -fomit-frame-pointer -m64 -mtune=corei7 -march=corei7  -Wl,-search_paths_first  conftest.c -lm   >&5
configure:5658: $? = 0
configure:5667: result: yes
configure:5676: checking whether time.h and sys/time.h may both be included
configure:5696: gcc -c -Wall -Wmissing-prototypes -Wpointer-arith -O2 -pedantic -fomit-frame-pointer -m64 -mtune=corei7 -march=corei7  conftest.c >&5
configure:5696: $? = 0
configure:5703: result: yes
configure:5712: checking for ANSI C header files
configure:5732: gcc -c -Wall -Wmissing-prototypes -Wpointer-arith -O2 -pedantic -fomit-frame-pointer -m64 -mtune=corei7 -march=corei7  conftest.c >&5
configure:5732: $? = 0
configure:5805: gcc -o conftest -Wall -Wmissing-prototypes -Wpointer-arith -O2 -pedantic -fomit-frame-pointer -m64 -mtune=corei7 -march=corei7  -Wl,-search_paths_first  conftest.c  >&5
configure:5805: $? = 0
configure:5805: ./conftest
configure:5805: $? = 0
configure:5816: result: yes
configure:5829: checking for sys/types.h
configure:5829: gcc -c -Wall -Wmissing-prototypes -Wpointer-arith -O2 -pedantic -fomit-frame-pointer -m64 -mtune=corei7 -march=corei7  conftest.c >&5
configure:5829: $? = 0
configure:5829: result: yes
configure:5829: checking for sys/stat.h
configure:5829: gcc -c -Wall -Wmissing-prototypes -Wpointer-arith -O2 -pedantic -fomit-frame-pointer -m64 -mtune=corei7 -march=corei7  conftest.c >&5
configure:5829: $? = 0
configure:5829: result: yes
configure:5829: checking for stdlib.h
configure:5829: gcc -c -Wall -Wmissing-prototypes -Wpointer-arith -O2 -pedantic -fomit-frame-pointer -m64 -mtune=corei7 -march=corei7  conftest.c >&5
configure:5829: $? = 0
configure:5829: result: yes
configure:5829: checking for string.h
configure:5829: gcc -c -Wall -Wmissing-prototypes -Wpointer-arith -O2 -pedantic -fomit-frame-pointer -m64 -mtune=corei7 -march=corei7  conftest.c >&5
configure:5829: $? = 0
configure:5829: result: yes
configure:5829: checking for memory.h
configure:5829: gcc -c -Wall -Wmissing-prototypes -Wpointer-arith -O2 -pedantic -fomit-frame-pointer -m64 -mtune=corei7 -march=corei7  conftest.c >&5
configure:5829: $? = 0
configure:5829: result: yes
configure:5829: checking for strings.h
configure:5829: gcc -c -Wall -Wmissing-prototypes -Wpointer-arith -O2 -pedantic -fomit-frame-pointer -m64 -mtune=corei7 -march=corei7  conftest.c >&5
configure:5829: $? = 0
configure:5829: result: yes
configure:5829: checking for inttypes.h
configure:5829: gcc -c -Wall -Wmissing-prototypes -Wpointer-arith -O2 -pedantic -fomit-frame-pointer -m64 -mtune=corei7 -march=corei7  conftest.c >&5
configure:5829: $? = 0
configure:5829: result: yes
configure:5829: checking for stdint.h
configure:5829: gcc -c -Wall -Wmissing-prototypes -Wpointer-arith -O2 -pedantic -fomit-frame-pointer -m64 -mtune=corei7 -march=corei7  conftest.c >&5
configure:5829: $? = 0
configure:5829: result: yes
configure:5829: checking for unistd.h
configure:5829: gcc -c -Wall -Wmissing-prototypes -Wpointer-arith -O2 -pedantic -fomit-frame-pointer -m64 -mtune=corei7 -march=corei7  conftest.c >&5
configure:5829: $? = 0
configure:5829: result: yes
configure:5841: checking for size_t
configure:5841: gcc -c -Wall -Wmissing-prototypes -Wpointer-arith -O2 -pedantic -fomit-frame-pointer -m64 -mtune=corei7 -march=corei7  conftest.c >&5
configure:5841: $? = 0
configure:5841: gcc -c -Wall -Wmissing-prototypes -Wpointer-arith -O2 -pedantic -fomit-frame-pointer -m64 -mtune=corei7 -march=corei7  conftest.c >&5
conftest.c:56:21: error: expected expression
if (sizeof ((size_t)))
                    ^
1 error generated.
configure:5841: $? = 1
configure: failed program was:
| /* confdefs.h */
| #define PACKAGE_NAME "MPFR"
| #define PACKAGE_TARNAME "mpfr"
| #define PACKAGE_VERSION "3.1.3"
| #define PACKAGE_STRING "MPFR 3.1.3"
| #define PACKAGE_BUGREPORT ""
| #define PACKAGE_URL ""
| #define TIME_WITH_SYS_TIME 1
| #define STDC_HEADERS 1
| #define HAVE_SYS_TYPES_H 1
| #define HAVE_SYS_STAT_H 1
| #define HAVE_STDLIB_H 1
| #define HAVE_STRING_H 1
| #define HAVE_MEMORY_H 1
| #define HAVE_STRINGS_H 1
| #define HAVE_INTTYPES_H 1
| #define HAVE_STDINT_H 1
| #define HAVE_UNISTD_H 1
| /* end confdefs.h.  */
| #include <stdio.h>
| #ifdef HAVE_SYS_TYPES_H
| # include <sys/types.h>
| #endif
| #ifdef HAVE_SYS_STAT_H
| # include <sys/stat.h>
| #endif
| #ifdef STDC_HEADERS
| # include <stdlib.h>
| # include <stddef.h>
| #else
| # ifdef HAVE_STDLIB_H
| #  include <stdlib.h>
| # endif
| #endif
| #ifdef HAVE_STRING_H
| # if !defined STDC_HEADERS && defined HAVE_MEMORY_H
| #  include <memory.h>
| # endif
| # include <string.h>
| #endif
| #ifdef HAVE_STRINGS_H
| # include <strings.h>
| #endif
| #ifdef HAVE_INTTYPES_H
| # include <inttypes.h>
| #endif
| #ifdef HAVE_STDINT_H
| # include <stdint.h>
| #endif
| #ifdef HAVE_UNISTD_H
| # include <unistd.h>
| #endif
| int
| main (void)
| {
| if (sizeof ((size_t)))
| 	    return 0;
|   ;
|   return 0;
| }
configure:5841: result: yes
configure:5858: checking limits.h usability
configure:5858: gcc -c -Wall -Wmissing-prototypes -Wpointer-arith -O2 -pedantic -fomit-frame-pointer -m64 -mtune=corei7 -march=corei7  conftest.c >&5
configure:5858: $? = 0
configure:5858: result: yes
configure:5858: checking limits.h presence
configure:5858: gcc -E  conftest.c
configure:5858: $? = 0
configure:5858: result: yes
configure:5858: checking for limits.h
configure:5858: result: yes
configure:5866: checking float.h usability
configure:5866: gcc -c -Wall -Wmissing-prototypes -Wpointer-arith -O2 -pedantic -fomit-frame-pointer -m64 -mtune=corei7 -march=corei7  conftest.c >&5
configure:5866: $? = 0
configure:5866: result: yes
configure:5866: checking float.h presence
configure:5866: gcc -E  conftest.c
configure:5866: $? = 0
configure:5866: result: yes
configure:5866: checking for float.h
configure:5866: result: yes
configure:5874: checking for string.h
configure:5874: result: yes
configure:5885: checking locale.h usability
configure:5885: gcc -c -Wall -Wmissing-prototypes -Wpointer-arith -O2 -pedantic -fomit-frame-pointer -m64 -mtune=corei7 -march=corei7  conftest.c >&5
configure:5885: $? = 0
configure:5885: result: yes
configure:5885: checking locale.h presence
configure:5885: gcc -E  conftest.c
configure:5885: $? = 0
configure:5885: result: yes
configure:5885: checking for locale.h
configure:5885: result: yes
configure:5898: checking wchar.h usability
configure:5898: gcc -c -Wall -Wmissing-prototypes -Wpointer-arith -O2 -pedantic -fomit-frame-pointer -m64 -mtune=corei7 -march=corei7  conftest.c >&5
configure:5898: $? = 0
configure:5898: result: yes
configure:5898: checking wchar.h presence
configure:5898: gcc -E  conftest.c
configure:5898: $? = 0
configure:5898: result: yes
configure:5898: checking for wchar.h
configure:5898: result: yes
configure:5909: checking stdarg.h usability
configure:5909: gcc -c -Wall -Wmissing-prototypes -Wpointer-arith -O2 -pedantic -fomit-frame-pointer -m64 -mtune=corei7 -march=corei7  conftest.c >&5
configure:5909: $? = 0
configure:5909: result: yes
configure:5909: checking stdarg.h presence
configure:5909: gcc -E  conftest.c
configure:5909: $? = 0
configure:5909: result: yes
configure:5909: checking for stdarg.h
configure:5909: result: yes
configure:5930: checking sys/time.h usability
configure:5930: gcc -c -Wall -Wmissing-prototypes -Wpointer-arith -O2 -pedantic -fomit-frame-pointer -m64 -mtune=corei7 -march=corei7  conftest.c >&5
configure:5930: $? = 0
configure:5930: result: yes
configure:5930: checking sys/time.h presence
configure:5930: gcc -E  conftest.c
configure:5930: $? = 0
configure:5930: result: yes
configure:5930: checking for sys/time.h
configure:5930: result: yes
configure:5930: checking sys/fpu.h usability
configure:5930: gcc -c -Wall -Wmissing-prototypes -Wpointer-arith -O2 -pedantic -fomit-frame-pointer -m64 -mtune=corei7 -march=corei7  conftest.c >&5
conftest.c:57:10: fatal error: 'sys/fpu.h' file not found
#include <sys/fpu.h>
         ^
1 error generated.
configure:5930: $? = 1
configure: failed program was:
| /* confdefs.h */
| #define PACKAGE_NAME "MPFR"
| #define PACKAGE_TARNAME "mpfr"
| #define PACKAGE_VERSION "3.1.3"
| #define PACKAGE_STRING "MPFR 3.1.3"
| #define PACKAGE_BUGREPORT ""
| #define PACKAGE_URL ""
| #define TIME_WITH_SYS_TIME 1
| #define STDC_HEADERS 1
| #define HAVE_SYS_TYPES_H 1
| #define HAVE_SYS_STAT_H 1
| #define HAVE_STDLIB_H 1
| #define HAVE_STRING_H 1
| #define HAVE_MEMORY_H 1
| #define HAVE_STRINGS_H 1
| #define HAVE_INTTYPES_H 1
| #define HAVE_STDINT_H 1
| #define HAVE_UNISTD_H 1
| #define HAVE_LOCALE_H 1
| #define HAVE_WCHAR_H 1
| #define HAVE_STDARG 1
| #define HAVE_SYS_TIME_H 1
| /* end confdefs.h.  */
| #include <stdio.h>
| #ifdef HAVE_SYS_TYPES_H
| # include <sys/types.h>
| #endif
| #ifdef HAVE_SYS_STAT_H
| # include <sys/stat.h>
| #endif
| #ifdef STDC_HEADERS
| # include <stdlib.h>
| # include <stddef.h>
| #else
| # ifdef HAVE_STDLIB_H
| #  include <stdlib.h>
| # endif
| #endif
| #ifdef HAVE_STRING_H
| # if !defined STDC_HEADERS && defined HAVE_MEMORY_H
| #  include <memory.h>
| # endif
| # include <string.h>
| #endif
| #ifdef HAVE_STRINGS_H
| # include <strings.h>
| #endif
| #ifdef HAVE_INTTYPES_H
| # include <inttypes.h>
| #endif
| #ifdef HAVE_STDINT_H
| # include <stdint.h>
| #endif
| #ifdef HAVE_UNISTD_H
| # include <unistd.h>
| #endif
| #include <sys/fpu.h>
configure:5930: result: no
configure:5930: checking sys/fpu.h presence
configure:5930: gcc -E  conftest.c
conftest.c:24:10: fatal error: 'sys/fpu.h' file not found
#include <sys/fpu.h>
         ^
1 error generated.
configure:5930: $? = 1
configure: failed program was:
| /* confdefs.h */
| #define PACKAGE_NAME "MPFR"
| #define PACKAGE_TARNAME "mpfr"
| #define PACKAGE_VERSION "3.1.3"
| #define PACKAGE_STRING "MPFR 3.1.3"
| #define PACKAGE_BUGREPORT ""
| #define PACKAGE_URL ""
| #define TIME_WITH_SYS_TIME 1
| #define STDC_HEADERS 1
| #define HAVE_SYS_TYPES_H 1
| #define HAVE_SYS_STAT_H 1
| #define HAVE_STDLIB_H 1
| #define HAVE_STRING_H 1
| #define HAVE_MEMORY_H 1
| #define HAVE_STRINGS_H 1
| #define HAVE_INTTYPES_H 1
| #define HAVE_STDINT_H 1
| #define HAVE_UNISTD_H 1
| #define HAVE_LOCALE_H 1
| #define HAVE_WCHAR_H 1
| #define HAVE_STDARG 1
| #define HAVE_SYS_TIME_H 1
| /* end confdefs.h.  */
| #include <sys/fpu.h>
configure:5930: result: no
configure:5930: checking for sys/fpu.h
configure:5930: result: no
configure:5941: checking for struct lconv.decimal_point
configure:5941: gcc -c -Wall -Wmissing-prototypes -Wpointer-arith -O2 -pedantic -fomit-frame-pointer -m64 -mtune=corei7 -march=corei7  conftest.c >&5
configure:5941: $? = 0
configure:5941: result: yes
configure:5951: checking for struct lconv.thousands_sep
configure:5951: gcc -c -Wall -Wmissing-prototypes -Wpointer-arith -O2 -pedantic -fomit-frame-pointer -m64 -mtune=corei7 -march=corei7  conftest.c >&5
configure:5951: $? = 0
configure:5951: result: yes
configure:5965: checking for working alloca.h
configure:5982: gcc -o conftest -Wall -Wmissing-prototypes -Wpointer-arith -O2 -pedantic -fomit-frame-pointer -m64 -mtune=corei7 -march=corei7  -Wl,-search_paths_first  conftest.c  >&5
configure:5982: $? = 0
configure:5990: result: yes
configure:5998: checking for alloca
configure:6035: gcc -o conftest -Wall -Wmissing-prototypes -Wpointer-arith -O2 -pedantic -fomit-frame-pointer -m64 -mtune=corei7 -march=corei7  -Wl,-search_paths_first  conftest.c  >&5
configure:6035: $? = 0
configure:6043: result: yes
configure:6153: checking for stdint.h
configure:6153: result: yes
configure:6163: checking for SIZE_MAX
configure:6238: result: yes
configure:6249: checking how to copy va_list
configure:6267: gcc -o conftest -Wall -Wmissing-prototypes -Wpointer-arith -O2 -pedantic -fomit-frame-pointer -m64 -mtune=corei7 -march=corei7  -Wl,-search_paths_first  conftest.c  >&5
configure:6267: $? = 0
configure:6269: result: va_copy
configure:6308: checking for memmove
configure:6308: gcc -o conftest -Wall -Wmissing-prototypes -Wpointer-arith -O2 -pedantic -fomit-frame-pointer -m64 -mtune=corei7 -march=corei7  -Wl,-search_paths_first  conftest.c  >&5
conftest.c:53:6: warning: incompatible redeclaration of library function 'memmove' [-Wincompatible-library-redeclaration]
char memmove ();
     ^
conftest.c:53:6: note: 'memmove' is a builtin with type 'void *(void *, const void *, unsigned long)'
1 warning generated.
configure:6308: $? = 0
configure:6308: result: yes
configure:6308: checking for memset
configure:6308: gcc -o conftest -Wall -Wmissing-prototypes -Wpointer-arith -O2 -pedantic -fomit-frame-pointer -m64 -mtune=corei7 -march=corei7  -Wl,-search_paths_first  conftest.c  >&5
conftest.c:54:6: warning: incompatible redeclaration of library function 'memset' [-Wincompatible-library-redeclaration]
char memset ();
     ^
conftest.c:54:6: note: 'memset' is a builtin with type 'void *(void *, int, unsigned long)'
1 warning generated.
configure:6308: $? = 0
configure:6308: result: yes
configure:6308: checking for setlocale
configure:6308: gcc -o conftest -Wall -Wmissing-prototypes -Wpointer-arith -O2 -pedantic -fomit-frame-pointer -m64 -mtune=corei7 -march=corei7  -Wl,-search_paths_first  conftest.c  >&5
configure:6308: $? = 0
configure:6308: result: yes
configure:6308: checking for strtol
configure:6308: gcc -o conftest -Wall -Wmissing-prototypes -Wpointer-arith -O2 -pedantic -fomit-frame-pointer -m64 -mtune=corei7 -march=corei7  -Wl,-search_paths_first  conftest.c  >&5
configure:6308: $? = 0
configure:6308: result: yes
configure:6308: checking for gettimeofday
configure:6308: gcc -o conftest -Wall -Wmissing-prototypes -Wpointer-arith -O2 -pedantic -fomit-frame-pointer -m64 -mtune=corei7 -march=corei7  -Wl,-search_paths_first  conftest.c  >&5
configure:6308: $? = 0
configure:6308: result: yes
configure:6361: checking for long long int
configure:6361: gcc -c -Wall -Wmissing-prototypes -Wpointer-arith -O2 -pedantic -fomit-frame-pointer -m64 -mtune=corei7 -march=corei7  conftest.c >&5
configure:6361: $? = 0
configure:6361: gcc -c -Wall -Wmissing-prototypes -Wpointer-arith -O2 -pedantic -fomit-frame-pointer -m64 -mtune=corei7 -march=corei7  conftest.c >&5
conftest.c:71:28: error: expected expression
if (sizeof ((long long int)))
                           ^
1 error generated.
configure:6361: $? = 1
configure: failed program was:
| /* confdefs.h */
| #define PACKAGE_NAME "MPFR"
| #define PACKAGE_TARNAME "mpfr"
| #define PACKAGE_VERSION "3.1.3"
| #define PACKAGE_STRING "MPFR 3.1.3"
| #define PACKAGE_BUGREPORT ""
| #define PACKAGE_URL ""
| #define TIME_WITH_SYS_TIME 1
| #define STDC_HEADERS 1
| #define HAVE_SYS_TYPES_H 1
| #define HAVE_SYS_STAT_H 1
| #define HAVE_STDLIB_H 1
| #define HAVE_STRING_H 1
| #define HAVE_MEMORY_H 1
| #define HAVE_STRINGS_H 1
| #define HAVE_INTTYPES_H 1
| #define HAVE_STDINT_H 1
| #define HAVE_UNISTD_H 1
| #define HAVE_LOCALE_H 1
| #define HAVE_WCHAR_H 1
| #define HAVE_STDARG 1
| #define HAVE_SYS_TIME_H 1
| #define HAVE_STRUCT_LCONV_DECIMAL_POINT 1
| #define HAVE_STRUCT_LCONV_THOUSANDS_SEP 1
| #define HAVE_ALLOCA_H 1
| #define HAVE_ALLOCA 1
| #define HAVE_STDINT_H 1
| #define HAVE_VA_COPY 1
| #define HAVE_MEMMOVE 1
| #define HAVE_MEMSET 1
| #define HAVE_SETLOCALE 1
| #define HAVE_STRTOL 1
| #define HAVE_GETTIMEOFDAY 1
| /* end confdefs.h.  */
| #include <stdio.h>
| #ifdef HAVE_SYS_TYPES_H
| # include <sys/types.h>
| #endif
| #ifdef HAVE_SYS_STAT_H
| # include <sys/stat.h>
| #endif
| #ifdef STDC_HEADERS
| # include <stdlib.h>
| # include <stddef.h>
| #else
| # ifdef HAVE_STDLIB_H
| #  include <stdlib.h>
| # endif
| #endif
| #ifdef HAVE_STRING_H
| # if !defined STDC_HEADERS && defined HAVE_MEMORY_H
| #  include <memory.h>
| # endif
| # include <string.h>
| #endif
| #ifdef HAVE_STRINGS_H
| # include <strings.h>
| #endif
| #ifdef HAVE_INTTYPES_H
| # include <inttypes.h>
| #endif
| #ifdef HAVE_STDINT_H
| # include <stdint.h>
| #endif
| #ifdef HAVE_UNISTD_H
| # include <unistd.h>
| #endif
| int
| main (void)
| {
| if (sizeof ((long long int)))
| 	    return 0;
|   ;
|   return 0;
| }
configure:6361: result: yes
configure:6369: checking for intmax_t
configure:6369: gcc -c -Wall -Wmissing-prototypes -Wpointer-arith -O2 -pedantic -fomit-frame-pointer -m64 -mtune=corei7 -march=corei7  conftest.c >&5
configure:6369: $? = 0
configure:6369: gcc -c -Wall -Wmissing-prototypes -Wpointer-arith -O2 -pedantic -fomit-frame-pointer -m64 -mtune=corei7 -march=corei7  conftest.c >&5
conftest.c:72:23: error: expected expression
if (sizeof ((intmax_t)))
                      ^
1 error generated.
configure:6369: $? = 1
configure: failed program was:
| /* confdefs.h */
| #define PACKAGE_NAME "MPFR"
| #define PACKAGE_TARNAME "mpfr"
| #define PACKAGE_VERSION "3.1.3"
| #define PACKAGE_STRING "MPFR 3.1.3"
| #define PACKAGE_BUGREPORT ""
| #define PACKAGE_URL ""
| #define TIME_WITH_SYS_TIME 1
| #define STDC_HEADERS 1
| #define HAVE_SYS_TYPES_H 1
| #define HAVE_SYS_STAT_H 1
| #define HAVE_STDLIB_H 1
| #define HAVE_STRING_H 1
| #define HAVE_MEMORY_H 1
| #define HAVE_STRINGS_H 1
| #define HAVE_INTTYPES_H 1
| #define HAVE_STDINT_H 1
| #define HAVE_UNISTD_H 1
| #define HAVE_LOCALE_H 1
| #define HAVE_WCHAR_H 1
| #define HAVE_STDARG 1
| #define HAVE_SYS_TIME_H 1
| #define HAVE_STRUCT_LCONV_DECIMAL_POINT 1
| #define HAVE_STRUCT_LCONV_THOUSANDS_SEP 1
| #define HAVE_ALLOCA_H 1
| #define HAVE_ALLOCA 1
| #define HAVE_STDINT_H 1
| #define HAVE_VA_COPY 1
| #define HAVE_MEMMOVE 1
| #define HAVE_MEMSET 1
| #define HAVE_SETLOCALE 1
| #define HAVE_STRTOL 1
| #define HAVE_GETTIMEOFDAY 1
| #define HAVE_LONG_LONG 1
| /* end confdefs.h.  */
| #include <stdio.h>
| #ifdef HAVE_SYS_TYPES_H
| # include <sys/types.h>
| #endif
| #ifdef HAVE_SYS_STAT_H
| # include <sys/stat.h>
| #endif
| #ifdef STDC_HEADERS
| # include <stdlib.h>
| # include <stddef.h>
| #else
| # ifdef HAVE_STDLIB_H
| #  include <stdlib.h>
| # endif
| #endif
| #ifdef HAVE_STRING_H
| # if !defined STDC_HEADERS && defined HAVE_MEMORY_H
| #  include <memory.h>
| # endif
| # include <string.h>
| #endif
| #ifdef HAVE_STRINGS_H
| # include <strings.h>
| #endif
| #ifdef HAVE_INTTYPES_H
| # include <inttypes.h>
| #endif
| #ifdef HAVE_STDINT_H
| # include <stdint.h>
| #endif
| #ifdef HAVE_UNISTD_H
| # include <unistd.h>
| #endif
| int
| main (void)
| {
| if (sizeof ((intmax_t)))
| 	    return 0;
|   ;
|   return 0;
| }
configure:6369: result: yes
configure:6380: checking for working INTMAX_MAX
configure:6400: gcc -c -Wall -Wmissing-prototypes -Wpointer-arith -O2 -pedantic -fomit-frame-pointer -m64 -mtune=corei7 -march=corei7  -I./src conftest.c >&5
configure:6400: $? = 0
configure:6409: result: yes
configure:6418: checking for union fpc_csr
configure:6418: gcc -c -Wall -Wmissing-prototypes -Wpointer-arith -O2 -pedantic -fomit-frame-pointer -m64 -mtune=corei7 -march=corei7  conftest.c >&5
conftest.c:47:5: error: invalid application of 'sizeof' to an incomplete type 'union fpc_csr'
if (sizeof (union fpc_csr))
    ^      ~~~~~~~~~~~~~~~
conftest.c:47:19: note: forward declaration of 'union fpc_csr'
if (sizeof (union fpc_csr))
                  ^
1 error generated.
configure:6418: $? = 1
configure: failed program was:
| /* confdefs.h */
| #define PACKAGE_NAME "MPFR"
| #define PACKAGE_TARNAME "mpfr"
| #define PACKAGE_VERSION "3.1.3"
| #define PACKAGE_STRING "MPFR 3.1.3"
| #define PACKAGE_BUGREPORT ""
| #define PACKAGE_URL ""
| #define TIME_WITH_SYS_TIME 1
| #define STDC_HEADERS 1
| #define HAVE_SYS_TYPES_H 1
| #define HAVE_SYS_STAT_H 1
| #define HAVE_STDLIB_H 1
| #define HAVE_STRING_H 1
| #define HAVE_MEMORY_H 1
| #define HAVE_STRINGS_H 1
| #define HAVE_INTTYPES_H 1
| #define HAVE_STDINT_H 1
| #define HAVE_UNISTD_H 1
| #define HAVE_LOCALE_H 1
| #define HAVE_WCHAR_H 1
| #define HAVE_STDARG 1
| #define HAVE_SYS_TIME_H 1
| #define HAVE_STRUCT_LCONV_DECIMAL_POINT 1
| #define HAVE_STRUCT_LCONV_THOUSANDS_SEP 1
| #define HAVE_ALLOCA_H 1
| #define HAVE_ALLOCA 1
| #define HAVE_STDINT_H 1
| #define HAVE_VA_COPY 1
| #define HAVE_MEMMOVE 1
| #define HAVE_MEMSET 1
| #define HAVE_SETLOCALE 1
| #define HAVE_STRTOL 1
| #define HAVE_GETTIMEOFDAY 1
| #define HAVE_LONG_LONG 1
| #define HAVE_INTMAX_T 1
| #define MPFR_HAVE_INTMAX_MAX 1
| /* end confdefs.h.  */
| 
| #if HAVE_SYS_FPU_H
| #  include <sys/fpu.h>
| #endif
| 
| 
| int
| main (void)
| {
| if (sizeof (union fpc_csr))
| 	 return 0;
|   ;
|   return 0;
| }
configure:6418: result: no
configure:6431: checking for fesetround
configure:6450: gcc -o conftest -Wall -Wmissing-prototypes -Wpointer-arith -O2 -pedantic -fomit-frame-pointer -m64 -mtune=corei7 -march=corei7  -Wl,-search_paths_first  conftest.c  -lm >&5
configure:6450: $? = 0
configure:6460: result: yes
configure:6469: checking for gcc float-conversion bug
configure:6509: gcc -o conftest -Wall -Wmissing-prototypes -Wpointer-arith -O2 -pedantic -fomit-frame-pointer -m64 -mtune=corei7 -march=corei7  -Wl,-search_paths_first  conftest.c  -lm >&5
configure:6509: $? = 0
configure:6509: ./conftest
configure:6509: $? = 0
configure:6521: result: no
configure:6528: checking for subnormal numbers
configure:6548: gcc -o conftest -Wall -Wmissing-prototypes -Wpointer-arith -O2 -pedantic -fomit-frame-pointer -m64 -mtune=corei7 -march=corei7  -Wl,-search_paths_first  conftest.c  >&5
configure:6548: $? = 0
configure:6548: ./conftest
1.112537e-308
configure:6548: $? = 0
configure:6559: result: yes
configure:6567: checking for signed zeros
configure:6584: gcc -o conftest -Wall -Wmissing-prototypes -Wpointer-arith -O2 -pedantic -fomit-frame-pointer -m64 -mtune=corei7 -march=corei7  -Wl,-search_paths_first  conftest.c  >&5
configure:6584: $? = 0
configure:6584: ./conftest
configure:6584: $? = 0
configure:6595: result: yes
configure:6603: checking if the FP division by 0 fails
configure:6624: gcc -o conftest -Wall -Wmissing-prototypes -Wpointer-arith -O2 -pedantic -fomit-frame-pointer -m64 -mtune=corei7 -march=corei7  -Wl,-search_paths_first  conftest.c  >&5
configure:6624: $? = 0
configure:6624: ./conftest
configure:6624: $? = 0
configure:6635: result: no
configure:6649: checking if NAN == NAN
configure:6673: gcc -o conftest -Wall -Wmissing-prototypes -Wpointer-arith -O2 -pedantic -fomit-frame-pointer -m64 -mtune=corei7 -march=corei7  -Wl,-search_paths_first  conftest.c  >&5
configure:6673: $? = 0
configure:6673: ./conftest
configure:6673: $? = 1
configure: program exited with status 1
configure: failed program was:
| /* confdefs.h */
| #define PACKAGE_NAME "MPFR"
| #define PACKAGE_TARNAME "mpfr"
| #define PACKAGE_VERSION "3.1.3"
| #define PACKAGE_STRING "MPFR 3.1.3"
| #define PACKAGE_BUGREPORT ""
| #define PACKAGE_URL ""
| #define TIME_WITH_SYS_TIME 1
| #define STDC_HEADERS 1
| #define HAVE_SYS_TYPES_H 1
| #define HAVE_SYS_STAT_H 1
| #define HAVE_STDLIB_H 1
| #define HAVE_STRING_H 1
| #define HAVE_MEMORY_H 1
| #define HAVE_STRINGS_H 1
| #define HAVE_INTTYPES_H 1
| #define HAVE_STDINT_H 1
| #define HAVE_UNISTD_H 1
| #define HAVE_LOCALE_H 1
| #define HAVE_WCHAR_H 1
| #define HAVE_STDARG 1
| #define HAVE_SYS_TIME_H 1
| #define HAVE_STRUCT_LCONV_DECIMAL_POINT 1
| #define HAVE_STRUCT_LCONV_THOUSANDS_SEP 1
| #define HAVE_ALLOCA_H 1
| #define HAVE_ALLOCA 1
| #define HAVE_STDINT_H 1
| #define HAVE_VA_COPY 1
| #define HAVE_MEMMOVE 1
| #define HAVE_MEMSET 1
| #define HAVE_SETLOCALE 1
| #define HAVE_STRTOL 1
| #define HAVE_GETTIMEOFDAY 1
| #define HAVE_LONG_LONG 1
| #define HAVE_INTMAX_T 1
| #define MPFR_HAVE_INTMAX_MAX 1
| #define MPFR_HAVE_FESETROUND 1
| #define HAVE_DENORMS 1
| #define HAVE_SIGNEDZ 1
| /* end confdefs.h.  */
| 
| #include <stdio.h>
| #include <math.h>
| #ifndef NAN
| # define NAN (0.0/0.0)
| #endif
| int main (void) {
|   double d;
|   d = NAN;
|   return d != d;
| }
| 
configure:6684: result: no
configure:6712: checking if charset has consecutive values
configure:6742: gcc -o conftest -Wall -Wmissing-prototypes -Wpointer-arith -O2 -pedantic -fomit-frame-pointer -m64 -mtune=corei7 -march=corei7  -Wl,-search_paths_first  conftest.c  >&5
configure:6742: $? = 0
configure:6742: ./conftest
configure:6742: $? = 0
configure:6743: result: yes
configure:6761: checking for math/round
configure:6779: gcc -o conftest -Wall -Wmissing-prototypes -Wpointer-arith -O2 -pedantic -fomit-frame-pointer -m64 -mtune=corei7 -march=corei7  -Wl,-search_paths_first  conftest.c  -lm >&5
configure:6779: $? = 0
configure:6781: result: yes
configure:6794: checking for math/trunc
configure:6812: gcc -o conftest -Wall -Wmissing-prototypes -Wpointer-arith -O2 -pedantic -fomit-frame-pointer -m64 -mtune=corei7 -march=corei7  -Wl,-search_paths_first  conftest.c  -lm >&5
configure:6812: $? = 0
configure:6814: result: yes
configure:6827: checking for math/floor
configure:6845: gcc -o conftest -Wall -Wmissing-prototypes -Wpointer-arith -O2 -pedantic -fomit-frame-pointer -m64 -mtune=corei7 -march=corei7  -Wl,-search_paths_first  conftest.c  -lm >&5
configure:6845: $? = 0
configure:6847: result: yes
configure:6860: checking for math/ceil
configure:6878: gcc -o conftest -Wall -Wmissing-prototypes -Wpointer-arith -O2 -pedantic -fomit-frame-pointer -m64 -mtune=corei7 -march=corei7  -Wl,-search_paths_first  conftest.c  -lm >&5
configure:6878: $? = 0
configure:6880: result: yes
configure:6893: checking for math/nearbyint
configure:6911: gcc -o conftest -Wall -Wmissing-prototypes -Wpointer-arith -O2 -pedantic -fomit-frame-pointer -m64 -mtune=corei7 -march=corei7  -Wl,-search_paths_first  conftest.c  -lm >&5
configure:6911: $? = 0
configure:6913: result: yes
configure:6931: checking for long double
configure:6931: gcc -c -Wall -Wmissing-prototypes -Wpointer-arith -O2 -pedantic -fomit-frame-pointer -m64 -mtune=corei7 -march=corei7  conftest.c >&5
configure:6931: $? = 0
configure:6931: gcc -c -Wall -Wmissing-prototypes -Wpointer-arith -O2 -pedantic -fomit-frame-pointer -m64 -mtune=corei7 -march=corei7  conftest.c >&5
conftest.c:82:26: error: expected expression
if (sizeof ((long double)))
                         ^
1 error generated.
configure:6931: $? = 1
configure: failed program was:
| /* confdefs.h */
| #define PACKAGE_NAME "MPFR"
| #define PACKAGE_TARNAME "mpfr"
| #define PACKAGE_VERSION "3.1.3"
| #define PACKAGE_STRING "MPFR 3.1.3"
| #define PACKAGE_BUGREPORT ""
| #define PACKAGE_URL ""
| #define TIME_WITH_SYS_TIME 1
| #define STDC_HEADERS 1
| #define HAVE_SYS_TYPES_H 1
| #define HAVE_SYS_STAT_H 1
| #define HAVE_STDLIB_H 1
| #define HAVE_STRING_H 1
| #define HAVE_MEMORY_H 1
| #define HAVE_STRINGS_H 1
| #define HAVE_INTTYPES_H 1
| #define HAVE_STDINT_H 1
| #define HAVE_UNISTD_H 1
| #define HAVE_LOCALE_H 1
| #define HAVE_WCHAR_H 1
| #define HAVE_STDARG 1
| #define HAVE_SYS_TIME_H 1
| #define HAVE_STRUCT_LCONV_DECIMAL_POINT 1
| #define HAVE_STRUCT_LCONV_THOUSANDS_SEP 1
| #define HAVE_ALLOCA_H 1
| #define HAVE_ALLOCA 1
| #define HAVE_STDINT_H 1
| #define HAVE_VA_COPY 1
| #define HAVE_MEMMOVE 1
| #define HAVE_MEMSET 1
| #define HAVE_SETLOCALE 1
| #define HAVE_STRTOL 1
| #define HAVE_GETTIMEOFDAY 1
| #define HAVE_LONG_LONG 1
| #define HAVE_INTMAX_T 1
| #define MPFR_HAVE_INTMAX_MAX 1
| #define MPFR_HAVE_FESETROUND 1
| #define HAVE_DENORMS 1
| #define HAVE_SIGNEDZ 1
| #define HAVE_ROUND 1
| #define HAVE_TRUNC 1
| #define HAVE_FLOOR 1
| #define HAVE_CEIL 1
| #define HAVE_NEARBYINT 1
| /* end confdefs.h.  */
| #include <stdio.h>
| #ifdef HAVE_SYS_TYPES_H
| # include <sys/types.h>
| #endif
| #ifdef HAVE_SYS_STAT_H
| # include <sys/stat.h>
| #endif
| #ifdef STDC_HEADERS
| # include <stdlib.h>
| # include <stddef.h>
| #else
| # ifdef HAVE_STDLIB_H
| #  include <stdlib.h>
| # endif
| #endif
| #ifdef HAVE_STRING_H
| # if !defined STDC_HEADERS && defined HAVE_MEMORY_H
| #  include <memory.h>
| # endif
| # include <string.h>
| #endif
| #ifdef HAVE_STRINGS_H
| # include <strings.h>
| #endif
| #ifdef HAVE_INTTYPES_H
| # include <inttypes.h>
| #endif
| #ifdef HAVE_STDINT_H
| # include <stdint.h>
| #endif
| #ifdef HAVE_UNISTD_H
| # include <unistd.h>
| #endif
| int
| main (void)
| {
| if (sizeof ((long double)))
| 	    return 0;
|   ;
|   return 0;
| }
configure:6931: result: yes
configure:6941: checking format of `long double' floating point
configure:6968: gcc -Wall -Wmissing-prototypes -Wpointer-arith -O2 -pedantic -fomit-frame-pointer -m64 -mtune=corei7 -march=corei7  -c conftest.c >&5 2>&1
configure:6971: $? = 0
configure:7243: result: IEEE extended, little endian
configure:7288: checking for TLS support
configure:7316: gcc -o conftest -Wall -Wmissing-prototypes -Wpointer-arith -O2 -pedantic -fomit-frame-pointer -m64 -mtune=corei7 -march=corei7  -I./src -Wl,-search_paths_first  conftest.c  >&5
configure:7316: $? = 0
configure:7316: ./conftest
configure:7316: $? = 0
configure:7317: result: yes
configure:7345: checking for library containing clock_gettime
configure:7376: gcc -o conftest -Wall -Wmissing-prototypes -Wpointer-arith -O2 -pedantic -fomit-frame-pointer -m64 -mtune=corei7 -march=corei7  -Wl,-search_paths_first  conftest.c  >&5
Undefined symbols for architecture x86_64:
  "_clock_gettime", referenced from:
      _main in conftest-708771.o
ld: symbol(s) not found for architecture x86_64
clang: error: linker command failed with exit code 1 (use -v to see invocation)
configure:7376: $? = 1
configure: failed program was:
| /* confdefs.h */
| #define PACKAGE_NAME "MPFR"
| #define PACKAGE_TARNAME "mpfr"
| #define PACKAGE_VERSION "3.1.3"
| #define PACKAGE_STRING "MPFR 3.1.3"
| #define PACKAGE_BUGREPORT ""
| #define PACKAGE_URL ""
| #define TIME_WITH_SYS_TIME 1
| #define STDC_HEADERS 1
| #define HAVE_SYS_TYPES_H 1
| #define HAVE_SYS_STAT_H 1
| #define HAVE_STDLIB_H 1
| #define HAVE_STRING_H 1
| #define HAVE_MEMORY_H 1
| #define HAVE_STRINGS_H 1
| #define HAVE_INTTYPES_H 1
| #define HAVE_STDINT_H 1
| #define HAVE_UNISTD_H 1
| #define HAVE_LOCALE_H 1
| #define HAVE_WCHAR_H 1
| #define HAVE_STDARG 1
| #define HAVE_SYS_TIME_H 1
| #define HAVE_STRUCT_LCONV_DECIMAL_POINT 1
| #define HAVE_STRUCT_LCONV_THOUSANDS_SEP 1
| #define HAVE_ALLOCA_H 1
| #define HAVE_ALLOCA 1
| #define HAVE_STDINT_H 1
| #define HAVE_VA_COPY 1
| #define HAVE_MEMMOVE 1
| #define HAVE_MEMSET 1
| #define HAVE_SETLOCALE 1
| #define HAVE_STRTOL 1
| #define HAVE_GETTIMEOFDAY 1
| #define HAVE_LONG_LONG 1
| #define HAVE_INTMAX_T 1
| #define MPFR_HAVE_INTMAX_MAX 1
| #define MPFR_HAVE_FESETROUND 1
| #define HAVE_DENORMS 1
| #define HAVE_SIGNEDZ 1
| #define HAVE_ROUND 1
| #define HAVE_TRUNC 1
| #define HAVE_FLOOR 1
| #define HAVE_CEIL 1
| #define HAVE_NEARBYINT 1
| #define HAVE_LONG_DOUBLE 1
| #define HAVE_LDOUBLE_IEEE_EXT_LITTLE 1
| #define MPFR_USE_THREAD_SAFE 1
| /* end confdefs.h.  */
| 
| /* Override any GCC internal prototype to avoid an error.
|    Use char because int might match the return type of a GCC
|    builtin and then its argument prototype would still apply.  */
| #ifdef __cplusplus
| extern "C"
| #endif
| char clock_gettime ();
| int
| main (void)
| {
| return clock_gettime ();
|   ;
|   return 0;
| }
configure:7376: gcc -o conftest -Wall -Wmissing-prototypes -Wpointer-arith -O2 -pedantic -fomit-frame-pointer -m64 -mtune=corei7 -march=corei7  -Wl,-search_paths_first  conftest.c -lrt   >&5
ld: library not found for -lrt
clang: error: linker command failed with exit code 1 (use -v to see invocation)
configure:7376: $? = 1
configure: failed program was:
| /* confdefs.h */
| #define PACKAGE_NAME "MPFR"
| #define PACKAGE_TARNAME "mpfr"
| #define PACKAGE_VERSION "3.1.3"
| #define PACKAGE_STRING "MPFR 3.1.3"
| #define PACKAGE_BUGREPORT ""
| #define PACKAGE_URL ""
| #define TIME_WITH_SYS_TIME 1
| #define STDC_HEADERS 1
| #define HAVE_SYS_TYPES_H 1
| #define HAVE_SYS_STAT_H 1
| #define HAVE_STDLIB_H 1
| #define HAVE_STRING_H 1
| #define HAVE_MEMORY_H 1
| #define HAVE_STRINGS_H 1
| #define HAVE_INTTYPES_H 1
| #define HAVE_STDINT_H 1
| #define HAVE_UNISTD_H 1
| #define HAVE_LOCALE_H 1
| #define HAVE_WCHAR_H 1
| #define HAVE_STDARG 1
| #define HAVE_SYS_TIME_H 1
| #define HAVE_STRUCT_LCONV_DECIMAL_POINT 1
| #define HAVE_STRUCT_LCONV_THOUSANDS_SEP 1
| #define HAVE_ALLOCA_H 1
| #define HAVE_ALLOCA 1
| #define HAVE_STDINT_H 1
| #define HAVE_VA_COPY 1
| #define HAVE_MEMMOVE 1
| #define HAVE_MEMSET 1
| #define HAVE_SETLOCALE 1
| #define HAVE_STRTOL 1
| #define HAVE_GETTIMEOFDAY 1
| #define HAVE_LONG_LONG 1
| #define HAVE_INTMAX_T 1
| #define MPFR_HAVE_INTMAX_MAX 1
| #define MPFR_HAVE_FESETROUND 1
| #define HAVE_DENORMS 1
| #define HAVE_SIGNEDZ 1
| #define HAVE_ROUND 1
| #define HAVE_TRUNC 1
| #define HAVE_FLOOR 1
| #define HAVE_CEIL 1
| #define HAVE_NEARBYINT 1
| #define HAVE_LONG_DOUBLE 1
| #define HAVE_LDOUBLE_IEEE_EXT_LITTLE 1
| #define MPFR_USE_THREAD_SAFE 1
| /* end confdefs.h.  */
| 
| /* Override any GCC internal prototype to avoid an error.
|    Use char because int might match the return type of a GCC
|    builtin and then its argument prototype would still apply.  */
| #ifdef __cplusplus
| extern "C"
| #endif
| char clock_gettime ();
| int
| main (void)
| {
| return clock_gettime ();
|   ;
|   return 0;
| }
configure:7393: result: no
configure:7409: checking for gmp.h
configure:7417: gcc -c -Wall -Wmissing-prototypes -Wpointer-arith -O2 -pedantic -fomit-frame-pointer -m64 -mtune=corei7 -march=corei7  conftest.c >&5
configure:7417: $? = 0
configure:7418: result: yes
configure:7477: checking how to print strings
configure:7504: result: printf
configure:7525: checking for a sed that does not truncate output
configure:7589: result: /usr/bin/sed
configure:7607: checking for fgrep
configure:7669: result: /usr/bin/grep -F
configure:7704: checking for ld used by gcc
configure:7771: result: /Applications/Xcode.app/Contents/Developer/Toolchains/XcodeDefault.xctoolchain/usr/bin/ld
configure:7778: checking if the linker (/Applications/Xcode.app/Contents/Developer/Toolchains/XcodeDefault.xctoolchain/usr/bin/ld) is GNU ld
configure:7793: result: no
configure:7805: checking for BSD- or MS-compatible name lister (nm)
configure:7859: result: /usr/bin/nm
configure:7989: checking the name lister (/usr/bin/nm) interface
configure:7996: gcc -c -Wall -Wmissing-prototypes -Wpointer-arith -O2 -pedantic -fomit-frame-pointer -m64 -mtune=corei7 -march=corei7  conftest.c >&5
configure:7999: /usr/bin/nm "conftest.o"
configure:8002: output
0000000000000000 S _some_variable
configure:8009: result: BSD nm
configure:8012: checking whether ln -s works
configure:8016: result: yes
configure:8024: checking the maximum length of command line arguments
configure:8155: result: 196608
configure:8203: checking how to convert x86_64-apple-darwin14.0.0 file names to x86_64-apple-darwin14.0.0 format
configure:8243: result: func_convert_file_noop
configure:8250: checking how to convert x86_64-apple-darwin14.0.0 file names to toolchain format
configure:8270: result: func_convert_file_noop
configure:8277: checking for /Applications/Xcode.app/Contents/Developer/Toolchains/XcodeDefault.xctoolchain/usr/bin/ld option to reload object files
configure:8284: result: -r
configure:8358: checking for objdump
configure:8388: result: no
configure:8414: checking how to recognize dependent libraries
configure:8614: result: pass_all
configure:8699: checking for dlltool
configure:8729: result: no
configure:8756: checking how to associate runtime and link libraries
configure:8783: result: printf %s\n
configure:8907: checking for archiver @FILE support
configure:8924: gcc -c -Wall -Wmissing-prototypes -Wpointer-arith -O2 -pedantic -fomit-frame-pointer -m64 -mtune=corei7 -march=corei7  conftest.c >&5
configure:8924: $? = 0
configure:8927: ar cru libconftest.a @conftest.lst >&5
ar: @conftest.lst: No such file or directory
configure:8930: $? = 1
configure:8950: result: no
configure:9008: checking for strip
configure:9024: found /usr/bin/strip
configure:9035: result: strip
configure:9107: checking for ranlib
configure:9123: found /usr/bin/ranlib
configure:9134: result: ranlib
configure:9236: checking command to parse /usr/bin/nm output from gcc object
configure:9389: gcc -c -Wall -Wmissing-prototypes -Wpointer-arith -O2 -pedantic -fomit-frame-pointer -m64 -mtune=corei7 -march=corei7  conftest.c >&5
configure:9392: $? = 0
configure:9396: /usr/bin/nm conftest.o \| sed -n -e 's/^.*[ ]\([BCDEGRST][BCDEGRST]*\)[ ][ ]*\([_A-Za-z][_A-Za-z0-9]*\)$/\1 \2 \2/p' | sed '/ __gnu_lto/d' \> conftest.nm
configure:9399: $? = 0
cannot find nm_test_var in conftest.nm
configure:9389: gcc -c -Wall -Wmissing-prototypes -Wpointer-arith -O2 -pedantic -fomit-frame-pointer -m64 -mtune=corei7 -march=corei7  conftest.c >&5
configure:9392: $? = 0
configure:9396: /usr/bin/nm conftest.o \| sed -n -e 's/^.*[ ]\([BCDEGRST][BCDEGRST]*\)[ ][ ]*_\([_A-Za-z][_A-Za-z0-9]*\)$/\1 _\2 \2/p' | sed '/ __gnu_lto/d' \> conftest.nm
configure:9399: $? = 0
configure:9465: gcc -o conftest -Wall -Wmissing-prototypes -Wpointer-arith -O2 -pedantic -fomit-frame-pointer -m64 -mtune=corei7 -march=corei7  -Wl,-search_paths_first  conftest.c conftstm.o >&5
configure:9468: $? = 0
configure:9506: result: ok
configure:9553: checking for sysroot
configure:9583: result: no
configure:9590: checking for a working dd
configure:9628: result: /bin/dd
configure:9632: checking how to truncate binary pipes
configure:9647: result: /bin/dd bs=4096 count=1
configure:9976: checking for mt
configure:10006: result: no
configure:10026: checking if : is a manifest tool
configure:10032: : '-?'
configure:10040: result: no
configure:10096: checking for dsymutil
configure:10112: found /usr/bin/dsymutil
configure:10123: result: dsymutil
configure:10188: checking for nmedit
configure:10204: found /usr/bin/nmedit
configure:10215: result: nmedit
configure:10280: checking for lipo
configure:10296: found /usr/bin/lipo
configure:10307: result: lipo
configure:10372: checking for otool
configure:10388: found /usr/bin/otool
configure:10399: result: otool
configure:10464: checking for otool64
configure:10494: result: no
configure:10539: checking for -single_module linker flag
gcc -Wall -Wmissing-prototypes -Wpointer-arith -O2 -pedantic -fomit-frame-pointer -m64 -mtune=corei7 -march=corei7 -Wl,-search_paths_first  -o libconftest.dylib -dynamiclib -Wl,-single_module conftest.c
configure:10572: result: yes
configure:10575: checking for -exported_symbols_list linker flag
configure:10595: gcc -o conftest -Wall -Wmissing-prototypes -Wpointer-arith -O2 -pedantic -fomit-frame-pointer -m64 -mtune=corei7 -march=corei7  -Wl,-search_paths_first  -Wl,-exported_symbols_list,conftest.sym conftest.c  >&5
configure:10595: $? = 0
configure:10605: result: yes
configure:10608: checking for -force_load linker flag
gcc -Wall -Wmissing-prototypes -Wpointer-arith -O2 -pedantic -fomit-frame-pointer -m64 -mtune=corei7 -march=corei7 -c -o conftest.o conftest.c
conftest.c:1:5: warning: no previous prototype for function 'forced_loaded' [-Wmissing-prototypes]
int forced_loaded() { return 2;}
    ^
1 warning generated.
ar cru libconftest.a conftest.o
ranlib libconftest.a
gcc -Wall -Wmissing-prototypes -Wpointer-arith -O2 -pedantic -fomit-frame-pointer -m64 -mtune=corei7 -march=corei7 -Wl,-search_paths_first  -o conftest conftest.c -Wl,-force_load,./libconftest.a
configure:10640: result: yes
configure:10714: checking for dlfcn.h
configure:10714: gcc -c -Wall -Wmissing-prototypes -Wpointer-arith -O2 -pedantic -fomit-frame-pointer -m64 -mtune=corei7 -march=corei7  conftest.c >&5
configure:10714: $? = 0
configure:10714: result: yes
configure:11268: checking for objdir
configure:11283: result: .libs
configure:11547: checking if gcc supports -fno-rtti -fno-exceptions
configure:11565: gcc -c -Wall -Wmissing-prototypes -Wpointer-arith -O2 -pedantic -fomit-frame-pointer -m64 -mtune=corei7 -march=corei7  -fno-rtti -fno-exceptions conftest.c >&5
configure:11569: $? = 0
configure:11582: result: yes
configure:11940: checking for gcc option to produce PIC
configure:11947: result: -fno-common -DPIC
configure:11955: checking if gcc PIC flag -fno-common -DPIC works
configure:11973: gcc -c -Wall -Wmissing-prototypes -Wpointer-arith -O2 -pedantic -fomit-frame-pointer -m64 -mtune=corei7 -march=corei7  -fno-common -DPIC -DPIC conftest.c >&5
configure:11977: $? = 0
configure:11990: result: yes
configure:12019: checking if gcc static flag -static works
configure:12047: result: no
configure:12062: checking if gcc supports -c -o file.o
configure:12083: gcc -c -Wall -Wmissing-prototypes -Wpointer-arith -O2 -pedantic -fomit-frame-pointer -m64 -mtune=corei7 -march=corei7  -o out/conftest2.o conftest.c >&5
configure:12087: $? = 0
configure:12109: result: yes
configure:12117: checking if gcc supports -c -o file.o
configure:12164: result: yes
configure:12197: checking whether the gcc linker (/Applications/Xcode.app/Contents/Developer/Toolchains/XcodeDefault.xctoolchain/usr/bin/ld) supports shared libraries
configure:13458: result: yes
configure:13698: checking dynamic linker characteristics
configure:14516: result: darwin14.0.0 dyld
configure:14638: checking how to hardcode library paths into programs
configure:14663: result: immediate
configure:15211: checking whether stripping libraries is possible
configure:15225: result: yes
configure:15251: checking if libtool supports shared libraries
configure:15253: result: yes
configure:15256: checking whether to build shared libraries
configure:15281: result: yes
configure:15284: checking whether to build static libraries
configure:15288: result: yes
configure:15394: checking whether gcc __attribute__ ((mode (XX))) works
configure:15410: gcc -c -Wall -Wmissing-prototypes -Wpointer-arith -O2 -pedantic -fomit-frame-pointer -m64 -mtune=corei7 -march=corei7  conftest.c >&5
configure:15410: $? = 0
configure:15418: result: yes
configure:15429: checking for recent GMP
configure:15441: gcc -c -Wall -Wmissing-prototypes -Wpointer-arith -O2 -pedantic -fomit-frame-pointer -m64 -mtune=corei7 -march=corei7  conftest.c >&5
configure:15441: $? = 0
configure:15442: result: yes
configure:15480: checking for GMP_NUMB_BITS and sizeof(mp_limb_t) consistency
configure:15509: gcc -o conftest -Wall -Wmissing-prototypes -Wpointer-arith -O2 -pedantic -fomit-frame-pointer -m64 -mtune=corei7 -march=corei7  -Wl,-search_paths_first  conftest.c  >&5
configure:15509: $? = 0
configure:15509: ./conftest
configure:15509: $? = 0
configure:15510: result: yes
configure:15530: checking for __gmpz_init in -lgmp
configure:15555: gcc -o conftest -Wall -Wmissing-prototypes -Wpointer-arith -O2 -pedantic -fomit-frame-pointer -m64 -mtune=corei7 -march=corei7  -Wl,-search_paths_first  conftest.c -lgmp   >&5
configure:15555: $? = 0
configure:15564: result: yes
configure:15574: checking if gmp.h version and libgmp version are the same
configure:15610: gcc -o conftest -Wall -Wmissing-prototypes -Wpointer-arith -O2 -pedantic -fomit-frame-pointer -m64 -mtune=corei7 -march=corei7  -Wl,-search_paths_first  conftest.c -lgmp  >&5
configure:15610: $? = 0
configure:15610: ./conftest
configure:15610: $? = 0
configure:15611: result: yes
configure:15614: checking for GMP library vs header correctness
configure:15659: gcc -o conftest -Wall -Wmissing-prototypes -Wpointer-arith -O2 -pedantic -fomit-frame-pointer -m64 -mtune=corei7 -march=corei7  -Wl,-search_paths_first  conftest.c -lgmp  >&5
configure:15659: $? = 0
configure:15659: ./conftest
GMP_NAIL_BITS     = 0
GMP_NUMB_BITS     = 64
mp_bits_per_limb  = 64
sizeof(mp_limb_t) = 8
configure:15659: $? = 0
configure:15670: result: yes
configure:15679: checking for double-to-integer conversion bug
configure:15717: gcc -o conftest -Wall -Wmissing-prototypes -Wpointer-arith -O2 -pedantic -fomit-frame-pointer -m64 -mtune=corei7 -march=corei7  -Wl,-search_paths_first  conftest.c -lgmp  >&5
configure:15717: $? = 0
configure:15717: ./conftest
configure:15717: $? = 0
configure:15728: result: no
configure:15739: checking if gmp_printf supports "%jd"
configure:15775: gcc -o conftest -Wall -Wmissing-prototypes -Wpointer-arith -O2 -pedantic -fomit-frame-pointer -m64 -mtune=corei7 -march=corei7  -Wl,-search_paths_first  conftest.c -lgmp  >&5
configure:15775: $? = 0
configure:15775: ./conftest
configure:15775: $? = 0
configure:15776: result: yes
configure:15794: checking if gmp_printf supports "%hhd"
configure:15825: gcc -o conftest -Wall -Wmissing-prototypes -Wpointer-arith -O2 -pedantic -fomit-frame-pointer -m64 -mtune=corei7 -march=corei7  -Wl,-search_paths_first  conftest.c -lgmp  >&5
configure:15825: $? = 0
configure:15825: ./conftest
configure:15825: $? = 0
configure:15826: result: yes
configure:15843: checking if gmp_printf supports "%lld"
configure:15874: gcc -o conftest -Wall -Wmissing-prototypes -Wpointer-arith -O2 -pedantic -fomit-frame-pointer -m64 -mtune=corei7 -march=corei7  -Wl,-search_paths_first  conftest.c -lgmp  >&5
configure:15874: $? = 0
configure:15874: ./conftest
configure:15874: $? = 0
configure:15875: result: yes
configure:15892: checking if gmp_printf supports "%Lf"
configure:15923: gcc -o conftest -Wall -Wmissing-prototypes -Wpointer-arith -O2 -pedantic -fomit-frame-pointer -m64 -mtune=corei7 -march=corei7  -Wl,-search_paths_first  conftest.c -lgmp  >&5
configure:15923: $? = 0
configure:15923: ./conftest
configure:15923: $? = 0
configure:15924: result: yes
configure:15941: checking if gmp_printf supports "%td"
configure:15977: gcc -o conftest -Wall -Wmissing-prototypes -Wpointer-arith -O2 -pedantic -fomit-frame-pointer -m64 -mtune=corei7 -march=corei7  -Wl,-search_paths_first  conftest.c -lgmp  >&5
configure:15977: $? = 0
configure:15977: ./conftest
configure:15977: $? = 0
configure:15978: result: yes
configure:16040: checking for __gmpn_rootrem
configure:16040: gcc -o conftest -Wall -Wmissing-prototypes -Wpointer-arith -O2 -pedantic -fomit-frame-pointer -m64 -mtune=corei7 -march=corei7  -Wl,-search_paths_first  conftest.c -lgmp  >&5
configure:16040: $? = 0
configure:16040: result: yes
configure:16040: checking for __gmpn_sbpi1_divappr_q
configure:16040: gcc -o conftest -Wall -Wmissing-prototypes -Wpointer-arith -O2 -pedantic -fomit-frame-pointer -m64 -mtune=corei7 -march=corei7  -Wl,-search_paths_first  conftest.c -lgmp  >&5
configure:16040: $? = 0
configure:16040: result: yes
configure:16225: checking that generated files are newer than configure
configure:16231: result: done
configure:16258: creating ./config.status

## ---------------------- ##
## Running config.status. ##
## ---------------------- ##

This file was extended by MPFR config.status 3.1.3, which was
generated by GNU Autoconf 2.69.  Invocation command line was

  CONFIG_FILES    = 
  CONFIG_HEADERS  = 
  CONFIG_LINKS    = 
  CONFIG_COMMANDS = 
  $ ./config.status 

on Sudheeshs-MacBook-Pro.local

config.status:1020: creating Makefile
config.status:1020: creating doc/Makefile
config.status:1020: creating src/Makefile
config.status:1020: creating tests/Makefile
config.status:1020: creating tune/Makefile
config.status:1020: creating src/mparam.h
config.status:1192: executing depfiles commands
config.status:1192: executing libtool commands

## ---------------- ##
## Cache variables. ##
## ---------------- ##

ac_cv_build=x86_64-apple-darwin14.0.0
ac_cv_c_compiler_gnu=yes
ac_cv_c_const=yes
ac_cv_c_volatile=yes
ac_cv_env_CC_set=
ac_cv_env_CC_value=
ac_cv_env_CFLAGS_set=
ac_cv_env_CFLAGS_value=
ac_cv_env_CPPFLAGS_set=
ac_cv_env_CPPFLAGS_value=
ac_cv_env_CPP_set=
ac_cv_env_CPP_value=
ac_cv_env_LDFLAGS_set=
ac_cv_env_LDFLAGS_value=
ac_cv_env_LIBS_set=
ac_cv_env_LIBS_value=
ac_cv_env_LT_SYS_LIBRARY_PATH_set=
ac_cv_env_LT_SYS_LIBRARY_PATH_value=
ac_cv_env_build_alias_set=
ac_cv_env_build_alias_value=
ac_cv_env_host_alias_set=
ac_cv_env_host_alias_value=
ac_cv_env_target_alias_set=
ac_cv_env_target_alias_value=
ac_cv_func___gmpn_rootrem=yes
ac_cv_func___gmpn_sbpi1_divappr_q=yes
ac_cv_func_alloca_works=yes
ac_cv_func_gettimeofday=yes
ac_cv_func_memmove=yes
ac_cv_func_memset=yes
ac_cv_func_setlocale=yes
ac_cv_func_strtol=yes
ac_cv_header_dlfcn_h=yes
ac_cv_header_float_h=yes
ac_cv_header_inttypes_h=yes
ac_cv_header_limits_h=yes
ac_cv_header_locale_h=yes
ac_cv_header_memory_h=yes
ac_cv_header_stdarg_h=yes
ac_cv_header_stdc=yes
ac_cv_header_stdint_h=yes
ac_cv_header_stdlib_h=yes
ac_cv_header_string_h=yes
ac_cv_header_strings_h=yes
ac_cv_header_sys_fpu_h=no
ac_cv_header_sys_stat_h=yes
ac_cv_header_sys_time_h=yes
ac_cv_header_sys_types_h=yes
ac_cv_header_time=yes
ac_cv_header_unistd_h=yes
ac_cv_header_wchar_h=yes
ac_cv_host=x86_64-apple-darwin14.0.0
ac_cv_lib_gmp___gmpz_init=yes
ac_cv_lib_m_main=yes
ac_cv_member_struct_lconv_decimal_point=yes
ac_cv_member_struct_lconv_thousands_sep=yes
ac_cv_objext=o
ac_cv_path_EGREP='/usr/bin/grep -E'
ac_cv_path_FGREP='/usr/bin/grep -F'
ac_cv_path_GREP=/usr/bin/grep
ac_cv_path_SED=/usr/bin/sed
ac_cv_path_install='/usr/bin/install -c'
ac_cv_path_lt_DD=/bin/dd
ac_cv_prog_AWK=awk
ac_cv_prog_CPP='gcc -E'
ac_cv_prog_ac_ct_AR=ar
ac_cv_prog_ac_ct_CC=gcc
ac_cv_prog_ac_ct_DSYMUTIL=dsymutil
ac_cv_prog_ac_ct_LIPO=lipo
ac_cv_prog_ac_ct_NMEDIT=nmedit
ac_cv_prog_ac_ct_OTOOL=otool
ac_cv_prog_ac_ct_RANLIB=ranlib
ac_cv_prog_ac_ct_STRIP=strip
ac_cv_prog_cc_c89=
ac_cv_prog_cc_g=yes
ac_cv_prog_make_make_set=yes
ac_cv_search_clock_gettime=no
ac_cv_type_intmax_t=yes
ac_cv_type_long_double=yes
ac_cv_type_long_long_int=yes
ac_cv_type_size_t=yes
ac_cv_type_union_fpc_csr=no
ac_cv_working_alloca_h=yes
am_cv_CC_dependencies_compiler_type=gcc3
am_cv_ar_interface=ar
am_cv_make_support_nested_variables=yes
am_cv_prog_cc_c_o=yes
gl_cv_size_max=yes
gmp_cv_c_attribute_mode=yes
lt_cv_apple_cc_single_mod=yes
lt_cv_ar_at_file=no
lt_cv_deplibs_check_method=pass_all
lt_cv_file_magic_cmd='$MAGIC_CMD'
lt_cv_file_magic_test_file=
lt_cv_ld_exported_symbols_list=yes
lt_cv_ld_force_load=yes
lt_cv_ld_reload_flag=-r
lt_cv_nm_interface='BSD nm'
lt_cv_objdir=.libs
lt_cv_path_LD=/Applications/Xcode.app/Contents/Developer/Toolchains/XcodeDefault.xctoolchain/usr/bin/ld
lt_cv_path_NM=/usr/bin/nm
lt_cv_path_mainfest_tool=no
lt_cv_prog_compiler_c_o=yes
lt_cv_prog_compiler_pic='-fno-common -DPIC'
lt_cv_prog_compiler_pic_works=yes
lt_cv_prog_compiler_rtti_exceptions=yes
lt_cv_prog_compiler_static_works=no
lt_cv_prog_gnu_ld=no
lt_cv_sharedlib_from_linklib_cmd='printf %s\n'
lt_cv_sys_global_symbol_pipe='sed -n -e '\''s/^.*[	 ]\([BCDEGRST][BCDEGRST]*\)[	 ][	 ]*_\([_A-Za-z][_A-Za-z0-9]*\)$/\1 _\2 \2/p'\'' | sed '\''/ __gnu_lto/d'\'''
lt_cv_sys_global_symbol_to_c_name_address='sed -n -e '\''s/^: \(.*\) .*$/  {"\1", (void *) 0},/p'\'' -e '\''s/^[BCDEGRST][BCDEGRST]* .* \(.*\)$/  {"\1", (void *) \&\1},/p'\'''
lt_cv_sys_global_symbol_to_c_name_address_lib_prefix='sed -n -e '\''s/^: \(.*\) .*$/  {"\1", (void *) 0},/p'\'' -e '\''s/^[BCDEGRST][BCDEGRST]* .* \(lib.*\)$/  {"\1", (void *) \&\1},/p'\'' -e '\''s/^[BCDEGRST][BCDEGRST]* .* \(.*\)$/  {"lib\1", (void *) \&\1},/p'\'''
lt_cv_sys_global_symbol_to_cdecl='sed -n -e '\''s/^T .* \(.*\)$/extern int \1();/p'\'' -e '\''s/^[BCDEGRST][BCDEGRST]* .* \(.*\)$/extern char \1;/p'\'''
lt_cv_sys_global_symbol_to_import=
lt_cv_sys_max_cmd_len=196608
lt_cv_to_host_file_cmd=func_convert_file_noop
lt_cv_to_tool_file_cmd=func_convert_file_noop
lt_cv_truncate_bin='/bin/dd bs=4096 count=1'
mpfr_cv_c_long_double_format='IEEE extended, little endian'
mpfr_cv_check_gmp=yes
mpfr_cv_dbl_int_bug=no
mpfr_cv_errdivzero=no
mpfr_cv_gcc_floatconv_bug=no
mpfr_cv_have_denorms=yes
mpfr_cv_have_fesetround=yes
mpfr_cv_have_intmax_max=yes
mpfr_cv_have_signedz=yes
mpfr_cv_nanisnan=no

## ----------------- ##
## Output variables. ##
## ----------------- ##

ACLOCAL='${SHELL} /Users/sudheeshsinganamalla/Documents/SecurityLab/GMPLibrary/mpfr-3.1.3/missing aclocal-1.15'
ALLOCA=''
AMDEPBACKSLASH='\'
AMDEP_FALSE='#'
AMDEP_TRUE=''
AMTAR='$${TAR-tar}'
AM_BACKSLASH='\'
AM_DEFAULT_V='$(AM_DEFAULT_VERBOSITY)'
AM_DEFAULT_VERBOSITY='1'
AM_V='$(V)'
AR='ar'
AS='as'
AUTOCONF='${SHELL} /Users/sudheeshsinganamalla/Documents/SecurityLab/GMPLibrary/mpfr-3.1.3/missing autoconf'
AUTOHEADER='${SHELL} /Users/sudheeshsinganamalla/Documents/SecurityLab/GMPLibrary/mpfr-3.1.3/missing autoheader'
AUTOMAKE='${SHELL} /Users/sudheeshsinganamalla/Documents/SecurityLab/GMPLibrary/mpfr-3.1.3/missing automake-1.15'
AWK='awk'
CC='gcc'
CCDEPMODE='depmode=gcc3'
CFLAGS='-Wall -Wmissing-prototypes -Wpointer-arith -O2 -pedantic -fomit-frame-pointer -m64 -mtune=corei7 -march=corei7'
CPP='gcc -E'
CPPFLAGS=''
CYGPATH_W='echo'
DATAFILES=''
DEFS='-DTIME_WITH_SYS_TIME=1 -DHAVE_INTTYPES_H=1 -DHAVE_STDINT_H=1 -DHAVE_LOCALE_H=1 -DHAVE_WCHAR_H=1 -DHAVE_STDARG=1 -DHAVE_SYS_TIME_H=1 -DHAVE_STRUCT_LCONV_DECIMAL_POINT=1 -DHAVE_STRUCT_LCONV_THOUSANDS_SEP=1 -DHAVE_ALLOCA_H=1 -DHAVE_STDINT_H=1 -DHAVE_VA_COPY=1 -DHAVE_SETLOCALE=1 -DHAVE_GETTIMEOFDAY=1 -DHAVE_LONG_LONG=1 -DHAVE_INTMAX_T=1 -DMPFR_HAVE_INTMAX_MAX=1 -DMPFR_HAVE_FESETROUND=1 -DHAVE_DENORMS=1 -DHAVE_SIGNEDZ=1 -DHAVE_ROUND=1 -DHAVE_TRUNC=1 -DHAVE_FLOOR=1 -DHAVE_CEIL=1 -DHAVE_NEARBYINT=1 -DHAVE_LDOUBLE_IEEE_EXT_LITTLE=1 -DMPFR_USE_THREAD_SAFE=1 -DLT_OBJDIR=\".libs/\" -DHAVE_ATTRIBUTE_MODE=1 -DHAVE___GMPN_ROOTREM=1 -DHAVE___GMPN_SBPI1_DIVAPPR_Q=1'
DEPDIR='.deps'
DLLTOOL='false'
DSYMUTIL='dsymutil'
DUMPBIN=''
ECHO_C='\c'
ECHO_N=''
ECHO_T=''
EGREP='/usr/bin/grep -E'
EXEEXT=''
FGREP='/usr/bin/grep -F'
GREP='/usr/bin/grep'
INSTALL_DATA='${INSTALL} -m 644'
INSTALL_PROGRAM='${INSTALL}'
INSTALL_SCRIPT='${INSTALL}'
INSTALL_STRIP_PROGRAM='$(install_sh) -c -s'
LD='/Applications/Xcode.app/Contents/Developer/Toolchains/XcodeDefault.xctoolchain/usr/bin/ld'
LDFLAGS='-Wl,-search_paths_first '
LIBMPFR_LDFLAGS=''
LIBOBJS=''
LIBS='-lgmp '
LIBTOOL='$(SHELL) $(top_builddir)/libtool'
LIPO='lipo'
LN_S='ln -s'
LTLIBOBJS=''
LT_SYS_LIBRARY_PATH=''
MAINT=''
MAINTAINER_MODE_FALSE='#'
MAINTAINER_MODE_TRUE=''
MAKEINFO='${SHELL} /Users/sudheeshsinganamalla/Documents/SecurityLab/GMPLibrary/mpfr-3.1.3/missing makeinfo'
MANIFEST_TOOL=':'
MKDIR_P='./install-sh -c -d'
MPFR_LDFLAGS=''
MPFR_LIBM='-lm'
NM='/usr/bin/nm'
NMEDIT='nmedit'
OBJDUMP='false'
OBJEXT='o'
OTOOL64=':'
OTOOL='otool'
PACKAGE='mpfr'
PACKAGE_BUGREPORT=''
PACKAGE_NAME='MPFR'
PACKAGE_STRING='MPFR 3.1.3'
PACKAGE_TARNAME='mpfr'
PACKAGE_URL=''
PACKAGE_VERSION='3.1.3'
PATH_SEPARATOR=':'
RANLIB='ranlib'
SED='/usr/bin/sed'
SET_MAKE=''
SHELL='/bin/sh'
STRIP='strip'
TUNE_LIBS=''
VERSION='3.1.3'
ac_ct_AR='ar'
ac_ct_CC='gcc'
ac_ct_DUMPBIN=''
am__EXEEXT_FALSE=''
am__EXEEXT_TRUE='#'
am__fastdepCC_FALSE='#'
am__fastdepCC_TRUE=''
am__include='include'
am__isrc=''
am__leading_dot='.'
am__nodep='_no'
am__quote=''
am__tar='$${TAR-tar} chof - "$$tardir"'
am__untar='$${TAR-tar} xf -'
bindir='${exec_prefix}/bin'
build='x86_64-apple-darwin14.0.0'
build_alias=''
build_cpu='x86_64'
build_os='darwin14.0.0'
build_vendor='apple'
datadir='${datarootdir}'
datarootdir='${prefix}/share'
docdir='${datarootdir}/doc/${PACKAGE_TARNAME}'
dvidir='${docdir}'
exec_prefix='${prefix}'
host='x86_64-apple-darwin14.0.0'
host_alias=''
host_cpu='x86_64'
host_os='darwin14.0.0'
host_vendor='apple'
htmldir='${docdir}'
includedir='${prefix}/include'
infodir='${datarootdir}/info'
install_sh='${SHELL} /Users/sudheeshsinganamalla/Documents/SecurityLab/GMPLibrary/mpfr-3.1.3/install-sh'
libdir='${exec_prefix}/lib'
libexecdir='${exec_prefix}/libexec'
localedir='${datarootdir}/locale'
localstatedir='${prefix}/var'
mandir='${datarootdir}/man'
mkdir_p='$(MKDIR_P)'
oldincludedir='/usr/include'
pdfdir='${docdir}'
prefix='/usr/local'
program_transform_name='s,x,x,'
psdir='${docdir}'
sbindir='${exec_prefix}/sbin'
sharedstatedir='${prefix}/com'
sysconfdir='${prefix}/etc'
target_alias=''

## ----------- ##
## confdefs.h. ##
## ----------- ##

/* confdefs.h */
#define TIME_WITH_SYS_TIME 1
#define HAVE_INTTYPES_H 1
#define HAVE_STDINT_H 1
#define HAVE_LOCALE_H 1
#define HAVE_WCHAR_H 1
#define HAVE_STDARG 1
#define HAVE_SYS_TIME_H 1
#define HAVE_STRUCT_LCONV_DECIMAL_POINT 1
#define HAVE_STRUCT_LCONV_THOUSANDS_SEP 1
#define HAVE_ALLOCA_H 1
#define HAVE_STDINT_H 1
#define HAVE_VA_COPY 1
#define HAVE_SETLOCALE 1
#define HAVE_GETTIMEOFDAY 1
#define HAVE_LONG_LONG 1
#define HAVE_INTMAX_T 1
#define MPFR_HAVE_INTMAX_MAX 1
#define MPFR_HAVE_FESETROUND 1
#define HAVE_DENORMS 1
#define HAVE_SIGNEDZ 1
#define HAVE_ROUND 1
#define HAVE_TRUNC 1
#define HAVE_FLOOR 1
#define HAVE_CEIL 1
#define HAVE_NEARBYINT 1
#define HAVE_LDOUBLE_IEEE_EXT_LITTLE 1
#define MPFR_USE_THREAD_SAFE 1
#define LT_OBJDIR ".libs/"
#define HAVE_ATTRIBUTE_MODE 1
#define HAVE___GMPN_ROOTREM 1
#define HAVE___GMPN_SBPI1_DIVAPPR_Q 1

configure: exit 0
